<?xml version="1.0" encoding="UTF-8"?>
<!-- Generated by org.testng.reporters.JUnitXMLReporter -->
<testsuite ignored="0" hostname="DESKTOP-3B50GB3" failures="0" tests="4" name="firefoxTest" time="138.545" errors="0" timestamp="14 Apr 2018 10:35:14 GMT">
  <testcase classname="com.actitime.tests.InvalidLoginTest" name="testInvalidlogin" time="0.893"/>
  <testcase classname="com.actitime.tests.ValidLoginLogoutTest" name="testValidLoginLogout" time="8.459"/>
  <testcase classname="com.actitime.tests.VerifyBuildNumber" name="testVerifyBuildNumber" time="27.478"/>
  <testcase classname="com.actitime.tests.VerifyVersionTest" name="testVerifyVersion" time="0.273"/>
</testsuite> <!-- firefoxTest -->
