<?xml version="1.0" encoding="UTF-8"?>
<testng-results ignored="0" total="4" passed="4" failed="0" skipped="0">
  <reporter-output>
    <line>
      <![CDATA[Title is matching: actiTIME - Login]]>
    </line>
    <line>
      <![CDATA[------------]]>
    </line>
    <line>
      <![CDATA[Title is matching: actiTIME - Login]]>
    </line>
    <line>
      <![CDATA[username is: admin]]>
    </line>
    <line>
      <![CDATA[password is: manager]]>
    </line>
    <line>
      <![CDATA[Title is matching: actiTIME - Enter Time-Track]]>
    </line>
    <line>
      <![CDATA[Title is matching: actiTIME - Login]]>
    </line>
    <line>
      <![CDATA[Title is matching: actiTIME - Login]]>
    </line>
    <line>
      <![CDATA[username is: admin]]>
    </line>
    <line>
      <![CDATA[password is: manager]]>
    </line>
    <line>
      <![CDATA[Title is matching: actiTIME - Enter Time-Track]]>
    </line>
    <line>
      <![CDATA[build is matching; actual build is: (build 40469)]]>
    </line>
    <line>
      <![CDATA[Title is matching: actiTIME - Enter Time-Track]]>
    </line>
    <line>
      <![CDATA[Title is matching: actiTIME - Login]]>
    </line>
    <line>
      <![CDATA[Title is matching: actiTIME - Login]]>
    </line>
    <line>
      <![CDATA[version is matching; actual version is: actiTIME 2017.4]]>
    </line>
  </reporter-output>
  <suite started-at="2018-04-14T10:32:56Z" name="Suite" finished-at="2018-04-14T10:35:14Z" duration-ms="138545">
    <groups>
    </groups>
    <test started-at="2018-04-14T10:32:56Z" name="firefoxTest" finished-at="2018-04-14T10:35:14Z" duration-ms="138545">
      <class name="com.actitime.tests.ValidLoginLogoutTest">
        <test-method is-config="true" signature="preCondition(java.lang.String, java.lang.String, java.lang.String)[pri:0, instance:com.actitime.tests.ValidLoginLogoutTest@316bcf94]" started-at="2018-04-14T10:33:21Z" name="preCondition" finished-at="2018-04-14T10:33:42Z" duration-ms="21333" status="PASS">
          <params>
            <param index="0">
              <value>
                <![CDATA[http://localhost:4444/wd/hub/]]>
              </value>
            </param>
            <param index="1">
              <value>
                <![CDATA[firefox]]>
              </value>
            </param>
            <param index="2">
              <value>
                <![CDATA[http://demo.actitime.com/login.do]]>
              </value>
            </param>
          </params>
          <reporter-output>
          </reporter-output>
        </test-method> <!-- preCondition -->
        <test-method signature="testValidLoginLogout()[pri:0, instance:com.actitime.tests.ValidLoginLogoutTest@316bcf94]" started-at="2018-04-14T10:33:42Z" name="testValidLoginLogout" finished-at="2018-04-14T10:33:51Z" duration-ms="8459" status="PASS">
          <reporter-output>
            <line>
              <![CDATA[Title is matching: actiTIME - Login]]>
            </line>
            <line>
              <![CDATA[username is: admin]]>
            </line>
            <line>
              <![CDATA[password is: manager]]>
            </line>
            <line>
              <![CDATA[Title is matching: actiTIME - Enter Time-Track]]>
            </line>
            <line>
              <![CDATA[Title is matching: actiTIME - Login]]>
            </line>
          </reporter-output>
        </test-method> <!-- testValidLoginLogout -->
        <test-method is-config="true" signature="postCondition(org.testng.ITestResult)[pri:0, instance:com.actitime.tests.ValidLoginLogoutTest@316bcf94]" started-at="2018-04-14T10:33:51Z" name="postCondition" finished-at="2018-04-14T10:33:51Z" duration-ms="220" status="PASS">
          <params>
            <param index="0">
              <value>
                <![CDATA[[TestResult name=testValidLoginLogout status=SUCCESS method=ValidLoginLogoutTest.testValidLoginLogout()[pri:0, instance:com.actitime.tests.ValidLoginLogoutTest@316bcf94] output=Title is matching: actiTIME - Login]]]>
              </value>
            </param>
          </params>
          <reporter-output>
          </reporter-output>
        </test-method> <!-- postCondition -->
      </class> <!-- com.actitime.tests.ValidLoginLogoutTest -->
      <class name="com.actitime.tests.InvalidLoginTest">
        <test-method is-config="true" signature="preCondition(java.lang.String, java.lang.String, java.lang.String)[pri:0, instance:com.actitime.tests.InvalidLoginTest@53ce1329]" started-at="2018-04-14T10:32:56Z" name="preCondition" finished-at="2018-04-14T10:33:20Z" duration-ms="24474" status="PASS">
          <params>
            <param index="0">
              <value>
                <![CDATA[http://localhost:4444/wd/hub/]]>
              </value>
            </param>
            <param index="1">
              <value>
                <![CDATA[firefox]]>
              </value>
            </param>
            <param index="2">
              <value>
                <![CDATA[http://demo.actitime.com/login.do]]>
              </value>
            </param>
          </params>
          <reporter-output>
          </reporter-output>
        </test-method> <!-- preCondition -->
        <test-method signature="testInvalidlogin()[pri:0, instance:com.actitime.tests.InvalidLoginTest@53ce1329]" started-at="2018-04-14T10:33:20Z" name="testInvalidlogin" finished-at="2018-04-14T10:33:21Z" duration-ms="893" status="PASS">
          <reporter-output>
            <line>
              <![CDATA[Title is matching: actiTIME - Login]]>
            </line>
            <line>
              <![CDATA[------------]]>
            </line>
          </reporter-output>
        </test-method> <!-- testInvalidlogin -->
        <test-method is-config="true" signature="postCondition(org.testng.ITestResult)[pri:0, instance:com.actitime.tests.InvalidLoginTest@53ce1329]" started-at="2018-04-14T10:33:21Z" name="postCondition" finished-at="2018-04-14T10:33:21Z" duration-ms="131" status="PASS">
          <params>
            <param index="0">
              <value>
                <![CDATA[[TestResult name=testInvalidlogin status=SUCCESS method=InvalidLoginTest.testInvalidlogin()[pri:0, instance:com.actitime.tests.InvalidLoginTest@53ce1329] output=Title is matching: actiTIME - Login]]]>
              </value>
            </param>
          </params>
          <reporter-output>
          </reporter-output>
        </test-method> <!-- postCondition -->
      </class> <!-- com.actitime.tests.InvalidLoginTest -->
      <class name="com.actitime.tests.VerifyBuildNumber">
        <test-method is-config="true" signature="preCondition(java.lang.String, java.lang.String, java.lang.String)[pri:0, instance:com.actitime.tests.VerifyBuildNumber@6404f418]" started-at="2018-04-14T10:33:51Z" name="preCondition" finished-at="2018-04-14T10:34:18Z" duration-ms="26943" status="PASS">
          <params>
            <param index="0">
              <value>
                <![CDATA[http://localhost:4444/wd/hub/]]>
              </value>
            </param>
            <param index="1">
              <value>
                <![CDATA[firefox]]>
              </value>
            </param>
            <param index="2">
              <value>
                <![CDATA[http://demo.actitime.com/login.do]]>
              </value>
            </param>
          </params>
          <reporter-output>
          </reporter-output>
        </test-method> <!-- preCondition -->
        <test-method signature="testVerifyBuildNumber()[pri:0, instance:com.actitime.tests.VerifyBuildNumber@6404f418]" started-at="2018-04-14T10:34:18Z" name="testVerifyBuildNumber" finished-at="2018-04-14T10:34:46Z" duration-ms="27478" status="PASS">
          <reporter-output>
            <line>
              <![CDATA[Title is matching: actiTIME - Login]]>
            </line>
            <line>
              <![CDATA[username is: admin]]>
            </line>
            <line>
              <![CDATA[password is: manager]]>
            </line>
            <line>
              <![CDATA[Title is matching: actiTIME - Enter Time-Track]]>
            </line>
            <line>
              <![CDATA[build is matching; actual build is: (build 40469)]]>
            </line>
            <line>
              <![CDATA[Title is matching: actiTIME - Enter Time-Track]]>
            </line>
            <line>
              <![CDATA[Title is matching: actiTIME - Login]]>
            </line>
          </reporter-output>
        </test-method> <!-- testVerifyBuildNumber -->
        <test-method is-config="true" signature="postCondition(org.testng.ITestResult)[pri:0, instance:com.actitime.tests.VerifyBuildNumber@6404f418]" started-at="2018-04-14T10:34:46Z" name="postCondition" finished-at="2018-04-14T10:34:46Z" duration-ms="222" status="PASS">
          <params>
            <param index="0">
              <value>
                <![CDATA[[TestResult name=testVerifyBuildNumber status=SUCCESS method=VerifyBuildNumber.testVerifyBuildNumber()[pri:0, instance:com.actitime.tests.VerifyBuildNumber@6404f418] output=Title is matching: actiTIME - Login]]]>
              </value>
            </param>
          </params>
          <reporter-output>
          </reporter-output>
        </test-method> <!-- postCondition -->
      </class> <!-- com.actitime.tests.VerifyBuildNumber -->
      <class name="com.actitime.tests.VerifyVersionTest">
        <test-method is-config="true" signature="preCondition(java.lang.String, java.lang.String, java.lang.String)[pri:0, instance:com.actitime.tests.VerifyVersionTest@3e11f9e9]" started-at="2018-04-14T10:34:46Z" name="preCondition" finished-at="2018-04-14T10:35:14Z" duration-ms="27987" status="PASS">
          <params>
            <param index="0">
              <value>
                <![CDATA[http://localhost:4444/wd/hub/]]>
              </value>
            </param>
            <param index="1">
              <value>
                <![CDATA[firefox]]>
              </value>
            </param>
            <param index="2">
              <value>
                <![CDATA[http://demo.actitime.com/login.do]]>
              </value>
            </param>
          </params>
          <reporter-output>
          </reporter-output>
        </test-method> <!-- preCondition -->
        <test-method signature="testVerifyVersion()[pri:0, instance:com.actitime.tests.VerifyVersionTest@3e11f9e9]" started-at="2018-04-14T10:35:14Z" name="testVerifyVersion" finished-at="2018-04-14T10:35:14Z" duration-ms="273" status="PASS">
          <reporter-output>
            <line>
              <![CDATA[Title is matching: actiTIME - Login]]>
            </line>
            <line>
              <![CDATA[version is matching; actual version is: actiTIME 2017.4]]>
            </line>
          </reporter-output>
        </test-method> <!-- testVerifyVersion -->
        <test-method is-config="true" signature="postCondition(org.testng.ITestResult)[pri:0, instance:com.actitime.tests.VerifyVersionTest@3e11f9e9]" started-at="2018-04-14T10:35:14Z" name="postCondition" finished-at="2018-04-14T10:35:14Z" duration-ms="89" status="PASS">
          <params>
            <param index="0">
              <value>
                <![CDATA[[TestResult name=testVerifyVersion status=SUCCESS method=VerifyVersionTest.testVerifyVersion()[pri:0, instance:com.actitime.tests.VerifyVersionTest@3e11f9e9] output=Title is matching: actiTIME - Login]]]>
              </value>
            </param>
          </params>
          <reporter-output>
          </reporter-output>
        </test-method> <!-- postCondition -->
      </class> <!-- com.actitime.tests.VerifyVersionTest -->
    </test> <!-- firefoxTest -->
  </suite> <!-- Suite -->
</testng-results>
